<?xml version="1.0" encoding="UTF-8"?>
<testsuite xmlns:xsi="http://www.w3.org/2001/XMLSchema-instance" xsi:noNamespaceSchemaLocation="https://maven.apache.org/surefire/maven-surefire-plugin/xsd/surefire-test-report-3.0.xsd" version="3.0" name="Tests.AppTest" time="0.698" tests="2" errors="2" skipped="0" failures="0">
  <properties>
[...]
</properties>
  <testcase name="Navigate carousel, search Lydia city and change language" classname="UserCase" time="0.381">
    <error message="Could not start a new session. Response code 500. Message: The application at &apos;C:\Users\Thibault\OneDrive\Bureau\data\app\app-alpha-universal-release.apk&apos; does not exist or is not accessible &#10;Host info: host: &apos;DESKTOP-5LOOLHV&apos;, ip: &apos;169.254.123.204&apos;&#10;Build info: version: &apos;4.38.0&apos;, revision: &apos;6b412e825c*&apos;&#10;System info: os.name: &apos;Windows 11&apos;, os.arch: &apos;amd64&apos;, os.version: &apos;10.0&apos;, java.version: &apos;21.0.9&apos;&#10;Driver info: io.appium.java_client.android.AndroidDriver&#10;Command: [null, newSession {capabilities=[Capabilities {appium:app: data/app/app-alpha-universa..., appium:appActivity: org.wikipedia.main.MainActi..., appium:appPackage: org.wikipedia.alpha, appium:automationName: UiAutomator2, appium:deviceName: emulator-5554, appium:platformVersion: 16, platformName: ANDROID}]}]&#10;Capabilities {appium:app: data/app/app-alpha-universa..., appium:appActivity: org.wikipedia.main.MainActi..., appium:appPackage: org.wikipedia.alpha, appium:automationName: UiAutomator2, appium:deviceName: emulator-5554, appium:platformVersion: 16, platformName: ANDROID}" type="org.openqa.selenium.SessionNotCreatedException"><![CDATA[org.openqa.selenium.SessionNotCreatedException: 
Could not start a new session. Response code 500. Message: The application at 'C:\Users\Thibault\OneDrive\Bureau\data\app\app-alpha-universal-release.apk' does not exist or is not accessible 
Host info: host: 'DESKTOP-5LOOLHV', ip: '169.254.123.204'
Build info: version: '4.38.0', revision: '6b412e825c*'
System info: os.name: 'Windows 11', os.arch: 'amd64', os.version: '10.0', java.version: '21.0.9'
Driver info: io.appium.java_client.android.AndroidDriver
Command: [null, newSession {capabilities=[Capabilities {appium:app: data/app/app-alpha-universa..., appium:appActivity: org.wikipedia.main.MainActi..., appium:appPackage: org.wikipedia.alpha, appium:automationName: UiAutomator2, appium:deviceName: emulator-5554, appium:platformVersion: 16, platformName: ANDROID}]}]
Capabilities {appium:app: data/app/app-alpha-universa..., appium:appActivity: org.wikipedia.main.MainActi..., appium:appPackage: org.wikipedia.alpha, appium:automationName: UiAutomator2, appium:deviceName: emulator-5554, appium:platformVersion: 16, platformName: ANDROID}
	at org.openqa.selenium.remote.ProtocolHandshake.createSession(ProtocolHandshake.java:114)
	at org.openqa.selenium.remote.ProtocolHandshake.createSession(ProtocolHandshake.java:75)
	at org.openqa.selenium.remote.ProtocolHandshake.createSession(ProtocolHandshake.java:61)
	at io.appium.java_client.remote.AppiumCommandExecutor.createSession(AppiumCommandExecutor.java:178)
	at io.appium.java_client.remote.AppiumCommandExecutor.execute(AppiumCommandExecutor.java:243)
	at org.openqa.selenium.remote.RemoteWebDriver.execute(RemoteWebDriver.java:557)
	at io.appium.java_client.AppiumDriver.startSession(AppiumDriver.java:308)
	at org.openqa.selenium.remote.RemoteWebDriver.<init>(RemoteWebDriver.java:174)
	at io.appium.java_client.AppiumDriver.<init>(AppiumDriver.java:98)
	at io.appium.java_client.AppiumDriver.<init>(AppiumDriver.java:109)
	at io.appium.java_client.android.AndroidDriver.<init>(AndroidDriver.java:108)
	at Tools.LaunchApplication.setUp(LaunchApplication.java:34)
]]></error>
    <system-out><![CDATA[
&amp#27;[1mScenario:&amp#27;[22m Navigate carousel, search Lydia city and change language          &amp#27;[90m# src/test/java/ressources/Wikipedia/UserCase.feature:6&amp#27;[39m
        &amp#27;[31morg.openqa.selenium.SessionNotCreatedException: Could not start a new session. Response code 500. Message: The application at 'C:\Users\Thibault\OneDrive\Bureau\data\app\app-alpha-universal-release.apk' does not exist or is not accessible &amp#27;[39m
        &amp#27;[31mHost info: host: 'DESKTOP-5LOOLHV', ip: '169.254.123.204'&amp#27;[39m
        &amp#27;[31mBuild info: version: '4.38.0', revision: '6b412e825c*'&amp#27;[39m
        &amp#27;[31mSystem info: os.name: 'Windows 11', os.arch: 'amd64', os.version: '10.0', java.version: '21.0.9'&amp#27;[39m
        &amp#27;[31mDriver info: io.appium.java_client.android.AndroidDriver&amp#27;[39m
        &amp#27;[31mCommand: [null, newSession {capabilities=[Capabilities {appium:app: data/app/app-alpha-universa..., appium:appActivity: org.wikipedia.main.MainActi..., appium:appPackage: org.wikipedia.alpha, appium:automationName: UiAutomator2, appium:deviceName: emulator-5554, appium:platformVersion: 16, platformName: ANDROID}]}]&amp#27;[39m
        &amp#27;[31mCapabilities {appium:app: data/app/app-alpha-universa..., appium:appActivity: org.wikipedia.main.MainActi..., appium:appPackage: org.wikipedia.alpha, appium:automationName: UiAutomator2, appium:deviceName: emulator-5554, appium:platformVersion: 16, platformName: ANDROID}&amp#27;[39m
        &amp#27;[31m	at org.openqa.selenium.remote.ProtocolHandshake.createSession(ProtocolHandshake.java:114)&amp#27;[39m
        &amp#27;[31m	at org.openqa.selenium.remote.ProtocolHandshake.createSession(ProtocolHandshake.java:75)&amp#27;[39m
        &amp#27;[31m	at org.openqa.selenium.remote.ProtocolHandshake.createSession(ProtocolHandshake.java:61)&amp#27;[39m
        &amp#27;[31m	at io.appium.java_client.remote.AppiumCommandExecutor.createSession(AppiumCommandExecutor.java:178)&amp#27;[39m
        &amp#27;[31m	at io.appium.java_client.remote.AppiumCommandExecutor.execute(AppiumCommandExecutor.java:243)&amp#27;[39m
        &amp#27;[31m	at org.openqa.selenium.remote.RemoteWebDriver.execute(RemoteWebDriver.java:557)&amp#27;[39m
        &amp#27;[31m	at io.appium.java_client.AppiumDriver.startSession(AppiumDriver.java:308)&amp#27;[39m
        &amp#27;[31m	at org.openqa.selenium.remote.RemoteWebDriver.<init>(RemoteWebDriver.java:174)&amp#27;[39m
        &amp#27;[31m	at io.appium.java_client.AppiumDriver.<init>(AppiumDriver.java:98)&amp#27;[39m
        &amp#27;[31m	at io.appium.java_client.AppiumDriver.<init>(AppiumDriver.java:109)&amp#27;[39m
        &amp#27;[31m	at io.appium.java_client.android.AndroidDriver.<init>(AndroidDriver.java:108)&amp#27;[39m
        &amp#27;[31m	at Tools.LaunchApplication.setUp(LaunchApplication.java:34)&amp#27;[39m
  &amp#27;[36m↷&amp#27;[39m &amp#27;[36m&amp#27;[1mGiven &amp#27;[22mthe application is launched&amp#27;[39m                                       &amp#27;[90m# Steps.UserCaseStep.the_application_is_launched()&amp#27;[39m
  &amp#27;[36m↷&amp#27;[39m &amp#27;[36m&amp#27;[1mWhen &amp#27;[22mI swipe through the carousel until the last image without skipping&amp#27;[39m &amp#27;[90m# Steps.UserCaseStep.swipeCarouselUntilEnd()&amp#27;[39m
  &amp#27;[36m↷&amp#27;[39m &amp#27;[36m&amp#27;[1mAnd &amp#27;[22mI search for &amp#27;[1m"Lydia"&amp#27;[22m&amp#27;[39m                                                &amp#27;[90m# Steps.UserCaseStep.searchLydia(java.lang.String)&amp#27;[39m
  &amp#27;[36m↷&amp#27;[39m &amp#27;[36m&amp#27;[1mAnd &amp#27;[22mI scroll until I find the city Lydia&amp#27;[39m                                &amp#27;[90m# Steps.UserCaseStep.scrollUntilLydia()&amp#27;[39m
  &amp#27;[36m↷&amp#27;[39m &amp#27;[36m&amp#27;[1mAnd &amp#27;[22mI change the website language to French&amp#27;[39m                             &amp#27;[90m# Steps.UserCaseStep.changeLanguage()&amp#27;[39m
  &amp#27;[36m↷&amp#27;[39m &amp#27;[36m&amp#27;[1mAnd &amp#27;[22mI click on &amp#27;[1m"Crésus"&amp#27;[22m&amp#27;[39m                                                 &amp#27;[90m# Steps.UserCaseStep.openCresusPage(java.lang.String)&amp#27;[39m
Application closed successfully
        &amp#27;[31mjava.lang.NullPointerException: Cannot invoke "io.appium.java_client.android.AndroidDriver.quit()" because "Tools.LaunchApplication.driver" is null&amp#27;[39m
        &amp#27;[31m	at Tools.LaunchApplication.tearDown(LaunchApplication.java:48)&amp#27;[39m
]]></system-out>
  </testcase>
  <testcase name="Navigate carousel, search Lydia city and change language" classname="UserCase" time="0.382">
    <error message="Cannot invoke &quot;io.appium.java_client.android.AndroidDriver.quit()&quot; because &quot;Tools.LaunchApplication.driver&quot; is null" type="java.lang.NullPointerException"><![CDATA[java.lang.NullPointerException: Cannot invoke "io.appium.java_client.android.AndroidDriver.quit()" because "Tools.LaunchApplication.driver" is null
	at Tools.LaunchApplication.tearDown(LaunchApplication.java:48)
]]></error>
  </testcase>
</testsuite>